{"step": "MOUSEBUTTONDOWN", "data": {"button": 1, "mx": 60, "my": 58, "grid_y": 270, "map_bench_y": 730, "GRID_W": 720, "upgrade_bench_x": 730, "upgrade_bench_y": 730, "selected_map_tile": null, "in_grid_region": false, "in_map_bench_region": false}, "time": 1771971018.9735053}
{"step": "MOUSEBUTTONDOWN", "data": {"button": 1, "mx": 129, "my": 68, "grid_y": 270, "map_bench_y": 730, "GRID_W": 720, "upgrade_bench_x": 730, "upgrade_bench_y": 730, "selected_map_tile": null, "in_grid_region": false, "in_map_bench_region": false}, "time": 1771971019.7005572}
{"step": "MOUSEBUTTONDOWN", "data": {"button": 1, "mx": 229, "my": 75, "grid_y": 270, "map_bench_y": 730, "GRID_W": 720, "upgrade_bench_x": 730, "upgrade_bench_y": 730, "selected_map_tile": null, "in_grid_region": false, "in_map_bench_region": false}, "time": 1771971019.9942753}
{"step": "MOUSEBUTTONDOWN", "data": {"button": 1, "mx": 296, "my": 71, "grid_y": 270, "map_bench_y": 730, "GRID_W": 720, "upgrade_bench_x": 730, "upgrade_bench_y": 730, "selected_map_tile": null, "in_grid_region": false, "in_map_bench_region": false}, "time": 1771971020.3087006}
{"step": "MOUSEBUTTONDOWN", "data": {"button": 1, "mx": 370, "my": 75, "grid_y": 270, "map_bench_y": 730, "GRID_W": 720, "upgrade_bench_x": 730, "upgrade_bench_y": 730, "selected_map_tile": null, "in_grid_region": false, "in_map_bench_region": false}, "time": 1771971020.5730844}
{"step": "MOUSEBUTTONDOWN", "data": {"button": 1, "mx": 423, "my": 83, "grid_y": 270, "map_bench_y": 730, "GRID_W": 720, "upgrade_bench_x": 730, "upgrade_bench_y": 730, "selected_map_tile": null, "in_grid_region": false, "in_map_bench_region": false}, "time": 1771971021.1382792}
{"step": "MOUSEBUTTONDOWN", "data": {"button": 1, "mx": 37, "my": 50, "grid_y": 270, "map_bench_y": 730, "GRID_W": 720, "upgrade_bench_x": 730, "upgrade_bench_y": 730, "selected_map_tile": null, "in_grid_region": false, "in_map_bench_region": false}, "time": 1771971021.7186625}
{"step": "MOUSEBUTTONDOWN", "data": {"button": 1, "mx": 169, "my": 78, "grid_y": 270, "map_bench_y": 730, "GRID_W": 720, "upgrade_bench_x": 730, "upgrade_bench_y": 730, "selected_map_tile": null, "in_grid_region": false, "in_map_bench_region": false}, "time": 1771971021.9643886}
{"step": "MOUSEBUTTONDOWN", "data": {"button": 1, "mx": 230, "my": 71, "grid_y": 270, "map_bench_y": 730, "GRID_W": 720, "upgrade_bench_x": 730, "upgrade_bench_y": 730, "selected_map_tile": null, "in_grid_region": false, "in_map_bench_region": false}, "time": 1771971022.6764698}
{"step": "MOUSEBUTTONDOWN", "data": {"button": 1, "mx": 92, "my": 77, "grid_y": 270, "map_bench_y": 730, "GRID_W": 720, "upgrade_bench_x": 730, "upgrade_bench_y": 730, "selected_map_tile": null, "in_grid_region": false, "in_map_bench_region": false}, "time": 1771971023.0578582}
{"step": "MOUSEBUTTONDOWN", "data": {"button": 1, "mx": 286, "my": 58, "grid_y": 270, "map_bench_y": 730, "GRID_W": 720, "upgrade_bench_x": 730, "upgrade_bench_y": 730, "selected_map_tile": null, "in_grid_region": false, "in_map_bench_region": false}, "time": 1771971023.671746}
{"step": "MOUSEBUTTONDOWN", "data": {"button": 1, "mx": 79, "my": 77, "grid_y": 270, "map_bench_y": 730, "GRID_W": 720, "upgrade_bench_x": 730, "upgrade_bench_y": 730, "selected_map_tile": null, "in_grid_region": false, "in_map_bench_region": false}, "time": 1771971023.935249}
{"step": "MOUSEBUTTONDOWN", "data": {"button": 1, "mx": 370, "my": 54, "grid_y": 270, "map_bench_y": 730, "GRID_W": 720, "upgrade_bench_x": 730, "upgrade_bench_y": 730, "selected_map_tile": null, "in_grid_region": false, "in_map_bench_region": false}, "time": 1771971024.3761237}
{"step": "MOUSEBUTTONDOWN", "data": {"button": 1, "mx": 128, "my": 61, "grid_y": 270, "map_bench_y": 730, "GRID_W": 720, "upgrade_bench_x": 730, "upgrade_bench_y": 730, "selected_map_tile": null, "in_grid_region": false, "in_map_bench_region": false}, "time": 1771971024.890889}
{"step": "MOUSEBUTTONDOWN", "data": {"button": 1, "mx": 591, "my": 192, "grid_y": 270, "map_bench_y": 730, "GRID_W": 720, "upgrade_bench_x": 730, "upgrade_bench_y": 730, "selected_map_tile": null, "in_grid_region": false, "in_map_bench_region": false}, "time": 1771971026.1058683}
{"step": "MOUSEBUTTONDOWN", "data": {"button": 1, "mx": 532, "my": 199, "grid_y": 270, "map_bench_y": 730, "GRID_W": 720, "upgrade_bench_x": 730, "upgrade_bench_y": 730, "selected_map_tile": null, "in_grid_region": false, "in_map_bench_region": false}, "time": 1771971026.3708978}
{"step": "MOUSEBUTTONDOWN", "data": {"button": 1, "mx": 553, "my": 203, "grid_y": 270, "map_bench_y": 730, "GRID_W": 720, "upgrade_bench_x": 730, "upgrade_bench_y": 730, "selected_map_tile": null, "in_grid_region": false, "in_map_bench_region": false}, "time": 1771971027.147716}
{"step": "MOUSEBUTTONDOWN", "data": {"button": 1, "mx": 460, "my": 200, "grid_y": 270, "map_bench_y": 730, "GRID_W": 720, "upgrade_bench_x": 730, "upgrade_bench_y": 730, "selected_map_tile": null, "in_grid_region": false, "in_map_bench_region": false}, "time": 1771971027.7408206}
{"step": "MOUSEBUTTONDOWN", "data": {"button": 1, "mx": 130, "my": 178, "grid_y": 270, "map_bench_y": 730, "GRID_W": 720, "upgrade_bench_x": 730, "upgrade_bench_y": 730, "selected_map_tile": null, "in_grid_region": false, "in_map_bench_region": false}, "time": 1771971029.4946995}
{"step": "MOUSEBUTTONDOWN", "data": {"button": 1, "mx": 269, "my": 200, "grid_y": 270, "map_bench_y": 730, "GRID_W": 720, "upgrade_bench_x": 730, "upgrade_bench_y": 730, "selected_map_tile": null, "in_grid_region": false, "in_map_bench_region": false}, "time": 1771971030.4565725}
{"step": "MOUSEBUTTONDOWN", "data": {"button": 1, "mx": 21, "my": 198, "grid_y": 270, "map_bench_y": 730, "GRID_W": 720, "upgrade_bench_x": 730, "upgrade_bench_y": 730, "selected_map_tile": null, "in_grid_region": false, "in_map_bench_region": false}, "time": 1771971031.2300966}
{"step": "MOUSEBUTTONDOWN", "data": {"button": 1, "mx": 379, "my": 193, "grid_y": 270, "map_bench_y": 730, "GRID_W": 720, "upgrade_bench_x": 730, "upgrade_bench_y": 730, "selected_map_tile": null, "in_grid_region": false, "in_map_bench_region": false}, "time": 1771971032.1060624}
{"step": "MOUSEBUTTONDOWN", "data": {"button": 1, "mx": 211, "my": 197, "grid_y": 270, "map_bench_y": 730, "GRID_W": 720, "upgrade_bench_x": 730, "upgrade_bench_y": 730, "selected_map_tile": null, "in_grid_region": false, "in_map_bench_region": false}, "time": 1771971032.748989}
{"step": "MOUSEBUTTONDOWN", "data": {"button": 1, "mx": 643, "my": 190, "grid_y": 270, "map_bench_y": 730, "GRID_W": 720, "upgrade_bench_x": 730, "upgrade_bench_y": 730, "selected_map_tile": null, "in_grid_region": false, "in_map_bench_region": false}, "time": 1771971033.927687}
{"step": "MOUSEBUTTONDOWN", "data": {"button": 1, "mx": 334, "my": 186, "grid_y": 270, "map_bench_y": 730, "GRID_W": 720, "upgrade_bench_x": 730, "upgrade_bench_y": 730, "selected_map_tile": null, "in_grid_region": false, "in_map_bench_region": false}, "time": 1771971034.4726307}
{"step": "MOUSEBUTTONDOWN", "data": {"button": 1, "mx": 485, "my": 200, "grid_y": 270, "map_bench_y": 730, "GRID_W": 720, "upgrade_bench_x": 730, "upgrade_bench_y": 730, "selected_map_tile": null, "in_grid_region": false, "in_map_bench_region": false}, "time": 1771971035.3480058}
{"step": "MOUSEBUTTONDOWN", "data": {"button": 1, "mx": 517, "my": 193, "grid_y": 270, "map_bench_y": 730, "GRID_W": 720, "upgrade_bench_x": 730, "upgrade_bench_y": 730, "selected_map_tile": null, "in_grid_region": false, "in_map_bench_region": false}, "time": 1771971036.3920333}
{"step": "MOUSEBUTTONDOWN", "data": {"button": 1, "mx": 175, "my": 181, "grid_y": 270, "map_bench_y": 730, "GRID_W": 720, "upgrade_bench_x": 730, "upgrade_bench_y": 730, "selected_map_tile": null, "in_grid_region": false, "in_map_bench_region": false}, "time": 1771971037.8040485}
{"step": "MOUSEBUTTONDOWN", "data": {"button": 1, "mx": 506, "my": 197, "grid_y": 270, "map_bench_y": 730, "GRID_W": 720, "upgrade_bench_x": 730, "upgrade_bench_y": 730, "selected_map_tile": null, "in_grid_region": false, "in_map_bench_region": false}, "time": 1771971038.7948537}
{"step": "MOUSEBUTTONDOWN", "data": {"button": 1, "mx": 247, "my": 200, "grid_y": 270, "map_bench_y": 730, "GRID_W": 720, "upgrade_bench_x": 730, "upgrade_bench_y": 730, "selected_map_tile": null, "in_grid_region": false, "in_map_bench_region": false}, "time": 1771971040.742493}
{"step": "MOUSEBUTTONDOWN", "data": {"button": 1, "mx": 162, "my": 194, "grid_y": 270, "map_bench_y": 730, "GRID_W": 720, "upgrade_bench_x": 730, "upgrade_bench_y": 730, "selected_map_tile": null, "in_grid_region": false, "in_map_bench_region": false}, "time": 1771971041.2197807}
{"step": "MOUSEBUTTONDOWN", "data": {"button": 1, "mx": 211, "my": 198, "grid_y": 270, "map_bench_y": 730, "GRID_W": 720, "upgrade_bench_x": 730, "upgrade_bench_y": 730, "selected_map_tile": null, "in_grid_region": false, "in_map_bench_region": false}, "time": 1771971041.9605782}
{"step": "MOUSEBUTTONDOWN", "data": {"button": 1, "mx": 529, "my": 200, "grid_y": 270, "map_bench_y": 730, "GRID_W": 720, "upgrade_bench_x": 730, "upgrade_bench_y": 730, "selected_map_tile": null, "in_grid_region": false, "in_map_bench_region": false}, "time": 1771971042.6685205}
{"step": "MOUSEBUTTONDOWN", "data": {"button": 1, "mx": 306, "my": 193, "grid_y": 270, "map_bench_y": 730, "GRID_W": 720, "upgrade_bench_x": 730, "upgrade_bench_y": 730, "selected_map_tile": null, "in_grid_region": false, "in_map_bench_region": false}, "time": 1771971043.1507747}
{"step": "MOUSEBUTTONDOWN", "data": {"button": 1, "mx": 409, "my": 199, "grid_y": 270, "map_bench_y": 730, "GRID_W": 720, "upgrade_bench_x": 730, "upgrade_bench_y": 730, "selected_map_tile": null, "in_grid_region": false, "in_map_bench_region": false}, "time": 1771971043.8996787}
{"step": "MOUSEBUTTONDOWN", "data": {"button": 1, "mx": 409, "my": 197, "grid_y": 270, "map_bench_y": 730, "GRID_W": 720, "upgrade_bench_x": 730, "upgrade_bench_y": 730, "selected_map_tile": null, "in_grid_region": false, "in_map_bench_region": false}, "time": 1771971044.8259652}
{"step": "MOUSEBUTTONDOWN", "data": {"button": 1, "mx": 500, "my": 198, "grid_y": 270, "map_bench_y": 730, "GRID_W": 720, "upgrade_bench_x": 730, "upgrade_bench_y": 730, "selected_map_tile": null, "in_grid_region": false, "in_map_bench_region": false}, "time": 1771971045.4147322}
{"step": "MOUSEBUTTONDOWN", "data": {"button": 1, "mx": 323, "my": 191, "grid_y": 270, "map_bench_y": 730, "GRID_W": 720, "upgrade_bench_x": 730, "upgrade_bench_y": 730, "selected_map_tile": null, "in_grid_region": false, "in_map_bench_region": false}, "time": 1771971046.1532423}
{"step": "MOUSEBUTTONDOWN", "data": {"button": 1, "mx": 264, "my": 531, "grid_y": 270, "map_bench_y": 730, "GRID_W": 720, "upgrade_bench_x": 730, "upgrade_bench_y": 730, "selected_map_tile": null, "in_grid_region": true, "in_map_bench_region": false}, "time": 1771971047.186674}
{"step": "GRID_CLICK", "data": {"gx": 6, "gy": 6, "selected_map_tile": null}, "time": 1771971047.186674}
{"step": "MOUSEBUTTONDOWN", "data": {"button": 1, "mx": 519, "my": 209, "grid_y": 270, "map_bench_y": 730, "GRID_W": 720, "upgrade_bench_x": 730, "upgrade_bench_y": 730, "selected_map_tile": null, "in_grid_region": false, "in_map_bench_region": false}, "time": 1771971047.8138967}
{"step": "MOUSEBUTTONDOWN", "data": {"button": 1, "mx": 464, "my": 580, "grid_y": 270, "map_bench_y": 730, "GRID_W": 720, "upgrade_bench_x": 730, "upgrade_bench_y": 730, "selected_map_tile": null, "in_grid_region": true, "in_map_bench_region": false}, "time": 1771971048.664323}
{"step": "GRID_CLICK", "data": {"gx": 11, "gy": 7, "selected_map_tile": null}, "time": 1771971048.6653237}
{"step": "MOUSEBUTTONDOWN", "data": {"button": 1, "mx": 115, "my": 193, "grid_y": 270, "map_bench_y": 730, "GRID_W": 720, "upgrade_bench_x": 730, "upgrade_bench_y": 730, "selected_map_tile": null, "in_grid_region": false, "in_map_bench_region": false}, "time": 1771971053.1967745}
{"step": "MOUSEBUTTONDOWN", "data": {"button": 1, "mx": 338, "my": 447, "grid_y": 270, "map_bench_y": 730, "GRID_W": 720, "upgrade_bench_x": 730, "upgrade_bench_y": 730, "selected_map_tile": null, "in_grid_region": true, "in_map_bench_region": false}, "time": 1771971054.3184967}
{"step": "GRID_CLICK", "data": {"gx": 8, "gy": 4, "selected_map_tile": null}, "time": 1771971054.3184967}
{"step": "MOUSEBUTTONDOWN", "data": {"button": 1, "mx": 791, "my": 140, "grid_y": 270, "map_bench_y": 730, "GRID_W": 720, "upgrade_bench_x": 730, "upgrade_bench_y": 730, "selected_map_tile": null, "in_grid_region": false, "in_map_bench_region": false}, "time": 1771971055.4054964}
{"step": "MOUSEBUTTONDOWN", "data": {"button": 1, "mx": 791, "my": 167, "grid_y": 270, "map_bench_y": 730, "GRID_W": 720, "upgrade_bench_x": 730, "upgrade_bench_y": 730, "selected_map_tile": null, "in_grid_region": false, "in_map_bench_region": false}, "time": 1771971055.7714617}
{"step": "MOUSEBUTTONDOWN", "data": {"button": 1, "mx": 296, "my": 752, "grid_y": 270, "map_bench_y": 730, "GRID_W": 720, "upgrade_bench_x": 730, "upgrade_bench_y": 730, "selected_map_tile": null, "in_grid_region": true, "in_map_bench_region": true}, "time": 1771971060.4425335}
{"step": "MAP_BENCH_BRANCH", "data": {"reason": "my in map_bench_y range", "mx": 296, "my": 752}, "time": 1771971060.443533}
{"step": "MOUSEBUTTONDOWN", "data": {"button": 1, "mx": 296, "my": 751, "grid_y": 270, "map_bench_y": 730, "GRID_W": 720, "upgrade_bench_x": 730, "upgrade_bench_y": 730, "selected_map_tile": null, "in_grid_region": true, "in_map_bench_region": true}, "time": 1771971061.001651}
{"step": "MAP_BENCH_BRANCH", "data": {"reason": "my in map_bench_y range", "mx": 296, "my": 751}, "time": 1771971061.0026622}
{"step": "MOUSEBUTTONDOWN", "data": {"button": 1, "mx": 76, "my": 88, "grid_y": 270, "map_bench_y": 730, "GRID_W": 720, "upgrade_bench_x": 730, "upgrade_bench_y": 730, "selected_map_tile": null, "in_grid_region": false, "in_map_bench_region": false}, "time": 1771971062.4205272}
{"step": "MOUSEBUTTONDOWN", "data": {"button": 1, "mx": 141, "my": 67, "grid_y": 270, "map_bench_y": 730, "GRID_W": 720, "upgrade_bench_x": 730, "upgrade_bench_y": 730, "selected_map_tile": null, "in_grid_region": false, "in_map_bench_region": false}, "time": 1771971063.3834355}
{"step": "MOUSEBUTTONDOWN", "data": {"button": 1, "mx": 208, "my": 65, "grid_y": 270, "map_bench_y": 730, "GRID_W": 720, "upgrade_bench_x": 730, "upgrade_bench_y": 730, "selected_map_tile": null, "in_grid_region": false, "in_map_bench_region": false}, "time": 1771971064.730609}
{"step": "MOUSEBUTTONDOWN", "data": {"button": 1, "mx": 756, "my": 783, "grid_y": 270, "map_bench_y": 730, "GRID_W": 720, "upgrade_bench_x": 730, "upgrade_bench_y": 730, "selected_map_tile": null, "in_grid_region": false, "in_map_bench_region": true}, "time": 1771971065.9538617}
{"step": "MOUSEBUTTONDOWN", "data": {"button": 1, "mx": 457, "my": 565, "grid_y": 270, "map_bench_y": 730, "GRID_W": 720, "upgrade_bench_x": 730, "upgrade_bench_y": 730, "selected_map_tile": null, "in_grid_region": true, "in_map_bench_region": false}, "time": 1771971067.2455566}
{"step": "GRID_CLICK", "data": {"gx": 11, "gy": 7, "selected_map_tile": null}, "time": 1771971067.2465558}
{"step": "MOUSEBUTTONDOWN", "data": {"button": 1, "mx": 463, "my": 569, "grid_y": 270, "map_bench_y": 730, "GRID_W": 720, "upgrade_bench_x": 730, "upgrade_bench_y": 730, "selected_map_tile": null, "in_grid_region": true, "in_map_bench_region": false}, "time": 1771971068.594907}
{"step": "GRID_CLICK", "data": {"gx": 11, "gy": 7, "selected_map_tile": null}, "time": 1771971068.594907}
{"step": "MOUSEBUTTONDOWN", "data": {"button": 1, "mx": 727, "my": 553, "grid_y": 270, "map_bench_y": 730, "GRID_W": 720, "upgrade_bench_x": 730, "upgrade_bench_y": 730, "selected_map_tile": null, "in_grid_region": false, "in_map_bench_region": false}, "time": 1771971072.7794785}
{"step": "MOUSEBUTTONDOWN", "data": {"button": 1, "mx": 464, "my": 565, "grid_y": 270, "map_bench_y": 730, "GRID_W": 720, "upgrade_bench_x": 730, "upgrade_bench_y": 730, "selected_map_tile": null, "in_grid_region": true, "in_map_bench_region": false}, "time": 1771971073.775482}
{"step": "GRID_CLICK", "data": {"gx": 11, "gy": 7, "selected_map_tile": null}, "time": 1771971073.775482}
{"step": "MOUSEBUTTONDOWN", "data": {"button": 1, "mx": 857, "my": 761, "grid_y": 270, "map_bench_y": 730, "GRID_W": 720, "upgrade_bench_x": 730, "upgrade_bench_y": 730, "selected_map_tile": null, "in_grid_region": false, "in_map_bench_region": true}, "time": 1771971074.47586}
{"step": "MOUSEBUTTONDOWN", "data": {"button": 1, "mx": 461, "my": 567, "grid_y": 270, "map_bench_y": 730, "GRID_W": 720, "upgrade_bench_x": 730, "upgrade_bench_y": 730, "selected_map_tile": null, "in_grid_region": true, "in_map_bench_region": false}, "time": 1771971075.845333}
{"step": "GRID_CLICK", "data": {"gx": 11, "gy": 7, "selected_map_tile": null}, "time": 1771971075.8463316}
{"step": "MOUSEBUTTONDOWN", "data": {"button": 1, "mx": 813, "my": 764, "grid_y": 270, "map_bench_y": 730, "GRID_W": 720, "upgrade_bench_x": 730, "upgrade_bench_y": 730, "selected_map_tile": null, "in_grid_region": false, "in_map_bench_region": true}, "time": 1771971076.5067463}
{"step": "MOUSEBUTTONDOWN", "data": {"button": 1, "mx": 462, "my": 568, "grid_y": 270, "map_bench_y": 730, "GRID_W": 720, "upgrade_bench_x": 730, "upgrade_bench_y": 730, "selected_map_tile": null, "in_grid_region": true, "in_map_bench_region": false}, "time": 1771971077.2982147}
{"step": "GRID_CLICK", "data": {"gx": 11, "gy": 7, "selected_map_tile": null}, "time": 1771971077.2982147}
{"step": "MOUSEBUTTONDOWN", "data": {"button": 1, "mx": 299, "my": 70, "grid_y": 270, "map_bench_y": 730, "GRID_W": 720, "upgrade_bench_x": 730, "upgrade_bench_y": 730, "selected_map_tile": null, "in_grid_region": false, "in_map_bench_region": false}, "time": 1771971078.0126379}
{"step": "MOUSEBUTTONDOWN", "data": {"button": 1, "mx": 358, "my": 66, "grid_y": 270, "map_bench_y": 730, "GRID_W": 720, "upgrade_bench_x": 730, "upgrade_bench_y": 730, "selected_map_tile": null, "in_grid_region": false, "in_map_bench_region": false}, "time": 1771971078.4097052}
{"step": "MOUSEBUTTONDOWN", "data": {"button": 1, "mx": 431, "my": 78, "grid_y": 270, "map_bench_y": 730, "GRID_W": 720, "upgrade_bench_x": 730, "upgrade_bench_y": 730, "selected_map_tile": null, "in_grid_region": false, "in_map_bench_region": false}, "time": 1771971081.341437}
{"step": "MOUSEBUTTONDOWN", "data": {"button": 1, "mx": 64, "my": 39, "grid_y": 270, "map_bench_y": 730, "GRID_W": 720, "upgrade_bench_x": 730, "upgrade_bench_y": 730, "selected_map_tile": null, "in_grid_region": false, "in_map_bench_region": false}, "time": 1771971081.8497043}
{"step": "MOUSEBUTTONDOWN", "data": {"button": 1, "mx": 132, "my": 52, "grid_y": 270, "map_bench_y": 730, "GRID_W": 720, "upgrade_bench_x": 730, "upgrade_bench_y": 730, "selected_map_tile": null, "in_grid_region": false, "in_map_bench_region": false}, "time": 1771971082.291702}
{"step": "MOUSEBUTTONDOWN", "data": {"button": 1, "mx": 776, "my": 759, "grid_y": 270, "map_bench_y": 730, "GRID_W": 720, "upgrade_bench_x": 730, "upgrade_bench_y": 730, "selected_map_tile": null, "in_grid_region": false, "in_map_bench_region": true}, "time": 1771971083.422447}
{"step": "MOUSEBUTTONDOWN", "data": {"button": 1, "mx": 462, "my": 566, "grid_y": 270, "map_bench_y": 730, "GRID_W": 720, "upgrade_bench_x": 730, "upgrade_bench_y": 730, "selected_map_tile": null, "in_grid_region": true, "in_map_bench_region": false}, "time": 1771971085.4554203}
{"step": "GRID_CLICK", "data": {"gx": 11, "gy": 7, "selected_map_tile": null}, "time": 1771971085.4564214}
{"step": "MOUSEBUTTONDOWN", "data": {"button": 1, "mx": 348, "my": 456, "grid_y": 270, "map_bench_y": 730, "GRID_W": 720, "upgrade_bench_x": 730, "upgrade_bench_y": 730, "selected_map_tile": null, "in_grid_region": true, "in_map_bench_region": false}, "time": 1771971086.3886175}
{"step": "GRID_CLICK", "data": {"gx": 8, "gy": 4, "selected_map_tile": null}, "time": 1771971086.3886175}
{"step": "MOUSEBUTTONDOWN", "data": {"button": 1, "mx": 801, "my": 765, "grid_y": 270, "map_bench_y": 730, "GRID_W": 720, "upgrade_bench_x": 730, "upgrade_bench_y": 730, "selected_map_tile": null, "in_grid_region": false, "in_map_bench_region": true}, "time": 1771971087.1496162}
{"step": "MOUSEBUTTONDOWN", "data": {"button": 1, "mx": 345, "my": 455, "grid_y": 270, "map_bench_y": 730, "GRID_W": 720, "upgrade_bench_x": 730, "upgrade_bench_y": 730, "selected_map_tile": null, "in_grid_region": true, "in_map_bench_region": false}, "time": 1771971087.9216716}
{"step": "GRID_CLICK", "data": {"gx": 8, "gy": 4, "selected_map_tile": null}, "time": 1771971087.9226773}
{"step": "MOUSEBUTTONDOWN", "data": {"button": 1, "mx": 870, "my": 779, "grid_y": 270, "map_bench_y": 730, "GRID_W": 720, "upgrade_bench_x": 730, "upgrade_bench_y": 730, "selected_map_tile": null, "in_grid_region": false, "in_map_bench_region": true}, "time": 1771971088.7037327}
{"step": "MOUSEBUTTONDOWN", "data": {"button": 1, "mx": 347, "my": 455, "grid_y": 270, "map_bench_y": 730, "GRID_W": 720, "upgrade_bench_x": 730, "upgrade_bench_y": 730, "selected_map_tile": null, "in_grid_region": true, "in_map_bench_region": false}, "time": 1771971089.5557835}
{"step": "GRID_CLICK", "data": {"gx": 8, "gy": 4, "selected_map_tile": null}, "time": 1771971089.5567842}
{"step": "MOUSEBUTTONDOWN", "data": {"button": 1, "mx": 172, "my": 180, "grid_y": 270, "map_bench_y": 730, "GRID_W": 720, "upgrade_bench_x": 730, "upgrade_bench_y": 730, "selected_map_tile": null, "in_grid_region": false, "in_map_bench_region": false}, "time": 1771971090.0685148}
{"step": "MOUSEBUTTONDOWN", "data": {"button": 1, "mx": 32, "my": 190, "grid_y": 270, "map_bench_y": 730, "GRID_W": 720, "upgrade_bench_x": 730, "upgrade_bench_y": 730, "selected_map_tile": null, "in_grid_region": false, "in_map_bench_region": false}, "time": 1771971090.9015455}
{"step": "MOUSEBUTTONDOWN", "data": {"button": 1, "mx": 112, "my": 204, "grid_y": 270, "map_bench_y": 730, "GRID_W": 720, "upgrade_bench_x": 730, "upgrade_bench_y": 730, "selected_map_tile": null, "in_grid_region": false, "in_map_bench_region": false}, "time": 1771971091.4836738}
{"step": "MOUSEBUTTONDOWN", "data": {"button": 1, "mx": 31, "my": 197, "grid_y": 270, "map_bench_y": 730, "GRID_W": 720, "upgrade_bench_x": 730, "upgrade_bench_y": 730, "selected_map_tile": null, "in_grid_region": false, "in_map_bench_region": false}, "time": 1771971091.82966}
{"step": "MOUSEBUTTONDOWN", "data": {"button": 1, "mx": 420, "my": 487, "grid_y": 270, "map_bench_y": 730, "GRID_W": 720, "upgrade_bench_x": 730, "upgrade_bench_y": 730, "selected_map_tile": null, "in_grid_region": true, "in_map_bench_region": false}, "time": 1771971092.4376428}
{"step": "GRID_CLICK", "data": {"gx": 10, "gy": 5, "selected_map_tile": null}, "time": 1771971092.4386408}
{"step": "MOUSEBUTTONDOWN", "data": {"button": 1, "mx": 372, "my": 41, "grid_y": 270, "map_bench_y": 730, "GRID_W": 720, "upgrade_bench_x": 730, "upgrade_bench_y": 730, "selected_map_tile": null, "in_grid_region": false, "in_map_bench_region": false}, "time": 1771971093.1601288}
{"step": "MOUSEBUTTONDOWN", "data": {"button": 1, "mx": 285, "my": 59, "grid_y": 270, "map_bench_y": 730, "GRID_W": 720, "upgrade_bench_x": 730, "upgrade_bench_y": 730, "selected_map_tile": null, "in_grid_region": false, "in_map_bench_region": false}, "time": 1771971093.4695632}
{"step": "MOUSEBUTTONDOWN", "data": {"button": 1, "mx": 221, "my": 75, "grid_y": 270, "map_bench_y": 730, "GRID_W": 720, "upgrade_bench_x": 730, "upgrade_bench_y": 730, "selected_map_tile": null, "in_grid_region": false, "in_map_bench_region": false}, "time": 1771971094.4283829}
{"step": "MOUSEBUTTONDOWN", "data": {"button": 1, "mx": 301, "my": 735, "grid_y": 270, "map_bench_y": 730, "GRID_W": 720, "upgrade_bench_x": 730, "upgrade_bench_y": 730, "selected_map_tile": null, "in_grid_region": true, "in_map_bench_region": true}, "time": 1771971095.528951}
{"step": "MAP_BENCH_BRANCH", "data": {"reason": "my in map_bench_y range", "mx": 301, "my": 735}, "time": 1771971095.5299513}
{"step": "MOUSEBUTTONDOWN", "data": {"button": 1, "mx": 348, "my": 32, "grid_y": 270, "map_bench_y": 730, "GRID_W": 720, "upgrade_bench_x": 730, "upgrade_bench_y": 730, "selected_map_tile": null, "in_grid_region": false, "in_map_bench_region": false}, "time": 1771971096.4142516}
{"step": "MOUSEBUTTONDOWN", "data": {"button": 1, "mx": 286, "my": 41, "grid_y": 270, "map_bench_y": 730, "GRID_W": 720, "upgrade_bench_x": 730, "upgrade_bench_y": 730, "selected_map_tile": null, "in_grid_region": false, "in_map_bench_region": false}, "time": 1771971096.7125885}
{"step": "MOUSEBUTTONDOWN", "data": {"button": 1, "mx": 213, "my": 41, "grid_y": 270, "map_bench_y": 730, "GRID_W": 720, "upgrade_bench_x": 730, "upgrade_bench_y": 730, "selected_map_tile": null, "in_grid_region": false, "in_map_bench_region": false}, "time": 1771971096.9425395}
{"step": "MOUSEBUTTONDOWN", "data": {"button": 1, "mx": 101, "my": 42, "grid_y": 270, "map_bench_y": 730, "GRID_W": 720, "upgrade_bench_x": 730, "upgrade_bench_y": 730, "selected_map_tile": null, "in_grid_region": false, "in_map_bench_region": false}, "time": 1771971097.1875024}
{"step": "MOUSEBUTTONDOWN", "data": {"button": 1, "mx": 31, "my": 41, "grid_y": 270, "map_bench_y": 730, "GRID_W": 720, "upgrade_bench_x": 730, "upgrade_bench_y": 730, "selected_map_tile": null, "in_grid_region": false, "in_map_bench_region": false}, "time": 1771971097.4978127}
{"step": "MOUSEBUTTONDOWN", "data": {"button": 1, "mx": 66, "my": 194, "grid_y": 270, "map_bench_y": 730, "GRID_W": 720, "upgrade_bench_x": 730, "upgrade_bench_y": 730, "selected_map_tile": null, "in_grid_region": false, "in_map_bench_region": false}, "time": 1771971097.98041}
{"step": "MOUSEBUTTONDOWN", "data": {"button": 1, "mx": 146, "my": 196, "grid_y": 270, "map_bench_y": 730, "GRID_W": 720, "upgrade_bench_x": 730, "upgrade_bench_y": 730, "selected_map_tile": null, "in_grid_region": false, "in_map_bench_region": false}, "time": 1771971098.3945403}
{"step": "MOUSEBUTTONDOWN", "data": {"button": 1, "mx": 120, "my": 198, "grid_y": 270, "map_bench_y": 730, "GRID_W": 720, "upgrade_bench_x": 730, "upgrade_bench_y": 730, "selected_map_tile": null, "in_grid_region": false, "in_map_bench_region": false}, "time": 1771971098.7405603}
{"step": "MOUSEBUTTONDOWN", "data": {"button": 1, "mx": 65, "my": 204, "grid_y": 270, "map_bench_y": 730, "GRID_W": 720, "upgrade_bench_x": 730, "upgrade_bench_y": 730, "selected_map_tile": null, "in_grid_region": false, "in_map_bench_region": false}, "time": 1771971099.5825455}
{"step": "MOUSEBUTTONDOWN", "data": {"button": 1, "mx": 201, "my": 196, "grid_y": 270, "map_bench_y": 730, "GRID_W": 720, "upgrade_bench_x": 730, "upgrade_bench_y": 730, "selected_map_tile": null, "in_grid_region": false, "in_map_bench_region": false}, "time": 1771971100.0484324}
{"step": "MOUSEBUTTONDOWN", "data": {"button": 1, "mx": 263, "my": 198, "grid_y": 270, "map_bench_y": 730, "GRID_W": 720, "upgrade_bench_x": 730, "upgrade_bench_y": 730, "selected_map_tile": null, "in_grid_region": false, "in_map_bench_region": false}, "time": 1771971100.3789153}
{"step": "MOUSEBUTTONDOWN", "data": {"button": 1, "mx": 213, "my": 200, "grid_y": 270, "map_bench_y": 730, "GRID_W": 720, "upgrade_bench_x": 730, "upgrade_bench_y": 730, "selected_map_tile": null, "in_grid_region": false, "in_map_bench_region": false}, "time": 1771971100.7125077}
{"step": "MOUSEBUTTONDOWN", "data": {"button": 1, "mx": 107, "my": 191, "grid_y": 270, "map_bench_y": 730, "GRID_W": 720, "upgrade_bench_x": 730, "upgrade_bench_y": 730, "selected_map_tile": null, "in_grid_region": false, "in_map_bench_region": false}, "time": 1771971101.5186694}
{"step": "MOUSEBUTTONDOWN", "data": {"button": 1, "mx": 44, "my": 198, "grid_y": 270, "map_bench_y": 730, "GRID_W": 720, "upgrade_bench_x": 730, "upgrade_bench_y": 730, "selected_map_tile": null, "in_grid_region": false, "in_map_bench_region": false}, "time": 1771971101.8314745}
{"step": "MOUSEBUTTONDOWN", "data": {"button": 1, "mx": 71, "my": 196, "grid_y": 270, "map_bench_y": 730, "GRID_W": 720, "upgrade_bench_x": 730, "upgrade_bench_y": 730, "selected_map_tile": null, "in_grid_region": false, "in_map_bench_region": false}, "time": 1771971102.3093007}
{"step": "MOUSEBUTTONDOWN", "data": {"button": 1, "mx": 47, "my": 195, "grid_y": 270, "map_bench_y": 730, "GRID_W": 720, "upgrade_bench_x": 730, "upgrade_bench_y": 730, "selected_map_tile": null, "in_grid_region": false, "in_map_bench_region": false}, "time": 1771971102.6257493}
{"step": "MOUSEBUTTONDOWN", "data": {"button": 1, "mx": 490, "my": 601, "grid_y": 270, "map_bench_y": 730, "GRID_W": 720, "upgrade_bench_x": 730, "upgrade_bench_y": 730, "selected_map_tile": null, "in_grid_region": true, "in_map_bench_region": false}, "time": 1771971103.6340876}
{"step": "GRID_CLICK", "data": {"gx": 12, "gy": 8, "selected_map_tile": null}, "time": 1771971103.6350873}
{"step": "MOUSEBUTTONDOWN", "data": {"button": 1, "mx": 326, "my": 189, "grid_y": 270, "map_bench_y": 730, "GRID_W": 720, "upgrade_bench_x": 730, "upgrade_bench_y": 730, "selected_map_tile": null, "in_grid_region": false, "in_map_bench_region": false}, "time": 1771971104.2242122}
{"step": "MOUSEBUTTONDOWN", "data": {"button": 1, "mx": 258, "my": 491, "grid_y": 270, "map_bench_y": 730, "GRID_W": 720, "upgrade_bench_x": 730, "upgrade_bench_y": 730, "selected_map_tile": null, "in_grid_region": true, "in_map_bench_region": false}, "time": 1771971105.100543}
{"step": "GRID_CLICK", "data": {"gx": 6, "gy": 5, "selected_map_tile": null}, "time": 1771971105.1020637}
{"step": "MOUSEBUTTONDOWN", "data": {"button": 1, "mx": 728, "my": 740, "grid_y": 270, "map_bench_y": 730, "GRID_W": 720, "upgrade_bench_x": 730, "upgrade_bench_y": 730, "selected_map_tile": null, "in_grid_region": false, "in_map_bench_region": true}, "time": 1771971106.7966895}
{"step": "MOUSEBUTTONDOWN", "data": {"button": 1, "mx": 743, "my": 767, "grid_y": 270, "map_bench_y": 730, "GRID_W": 720, "upgrade_bench_x": 730, "upgrade_bench_y": 730, "selected_map_tile": null, "in_grid_region": false, "in_map_bench_region": true}, "time": 1771971108.2490962}
{"step": "MOUSEBUTTONDOWN", "data": {"button": 1, "mx": 501, "my": 612, "grid_y": 270, "map_bench_y": 730, "GRID_W": 720, "upgrade_bench_x": 730, "upgrade_bench_y": 730, "selected_map_tile": null, "in_grid_region": true, "in_map_bench_region": false}, "time": 1771971108.96059}
{"step": "GRID_CLICK", "data": {"gx": 12, "gy": 8, "selected_map_tile": null}, "time": 1771971108.9615896}
{"step": "MOUSEBUTTONDOWN", "data": {"button": 1, "mx": 798, "my": 751, "grid_y": 270, "map_bench_y": 730, "GRID_W": 720, "upgrade_bench_x": 730, "upgrade_bench_y": 730, "selected_map_tile": null, "in_grid_region": false, "in_map_bench_region": true}, "time": 1771971109.7340174}
{"step": "MOUSEBUTTONDOWN", "data": {"button": 1, "mx": 498, "my": 610, "grid_y": 270, "map_bench_y": 730, "GRID_W": 720, "upgrade_bench_x": 730, "upgrade_bench_y": 730, "selected_map_tile": null, "in_grid_region": true, "in_map_bench_region": false}, "time": 1771971110.7007346}
{"step": "GRID_CLICK", "data": {"gx": 12, "gy": 8, "selected_map_tile": null}, "time": 1771971110.7017372}
{"step": "MOUSEBUTTONDOWN", "data": {"button": 1, "mx": 417, "my": 487, "grid_y": 270, "map_bench_y": 730, "GRID_W": 720, "upgrade_bench_x": 730, "upgrade_bench_y": 730, "selected_map_tile": null, "in_grid_region": true, "in_map_bench_region": false}, "time": 1771971112.7626975}
{"step": "GRID_CLICK", "data": {"gx": 10, "gy": 5, "selected_map_tile": null}, "time": 1771971112.7636976}
{"step": "MOUSEBUTTONDOWN", "data": {"button": 1, "mx": 862, "my": 762, "grid_y": 270, "map_bench_y": 730, "GRID_W": 720, "upgrade_bench_x": 730, "upgrade_bench_y": 730, "selected_map_tile": null, "in_grid_region": false, "in_map_bench_region": true}, "time": 1771971113.3886569}
{"step": "MOUSEBUTTONDOWN", "data": {"button": 1, "mx": 503, "my": 610, "grid_y": 270, "map_bench_y": 730, "GRID_W": 720, "upgrade_bench_x": 730, "upgrade_bench_y": 730, "selected_map_tile": null, "in_grid_region": true, "in_map_bench_region": false}, "time": 1771971114.0814583}
{"step": "GRID_CLICK", "data": {"gx": 12, "gy": 8, "selected_map_tile": null}, "time": 1771971114.0824637}
{"step": "MOUSEBUTTONDOWN", "data": {"button": 1, "mx": 599, "my": 543, "grid_y": 270, "map_bench_y": 730, "GRID_W": 720, "upgrade_bench_x": 730, "upgrade_bench_y": 730, "selected_map_tile": null, "in_grid_region": true, "in_map_bench_region": false}, "time": 1771971114.7677114}
{"step": "GRID_CLICK", "data": {"gx": 14, "gy": 6, "selected_map_tile": null}, "time": 1771971114.7687125}
{"step": "MOUSEBUTTONDOWN", "data": {"button": 1, "mx": 597, "my": 517, "grid_y": 270, "map_bench_y": 730, "GRID_W": 720, "upgrade_bench_x": 730, "upgrade_bench_y": 730, "selected_map_tile": null, "in_grid_region": true, "in_map_bench_region": false}, "time": 1771971117.161689}
{"step": "GRID_CLICK", "data": {"gx": 14, "gy": 6, "selected_map_tile": null}, "time": 1771971117.1626933}
{"step": "MOUSEBUTTONDOWN", "data": {"button": 1, "mx": 447, "my": 471, "grid_y": 270, "map_bench_y": 730, "GRID_W": 720, "upgrade_bench_x": 730, "upgrade_bench_y": 730, "selected_map_tile": null, "in_grid_region": true, "in_map_bench_region": false}, "time": 1771971117.7235994}
{"step": "GRID_CLICK", "data": {"gx": 11, "gy": 5, "selected_map_tile": null}, "time": 1771971117.7235994}
{"step": "MOUSEBUTTONDOWN", "data": {"button": 1, "mx": 447, "my": 470, "grid_y": 270, "map_bench_y": 730, "GRID_W": 720, "upgrade_bench_x": 730, "upgrade_bench_y": 730, "selected_map_tile": null, "in_grid_region": true, "in_map_bench_region": false}, "time": 1771971117.8716252}
{"step": "GRID_CLICK", "data": {"gx": 11, "gy": 5, "selected_map_tile": null}, "time": 1771971117.8716252}
